<?xml version="1.0" encoding="UTF-8"?>
<!-- Generated by org.testng.reporters.JUnitReportReporter -->
<testsuite ignored="0" hostname="Panthers-Air.lan" failures="0" tests="1" name="ExcelUtils" time="0.011" errors="0" timestamp="15 Jan 2022 04:21:26 GMT" skipped="0">
  <testcase classname="ExcelUtils" name="exl" time="0.011"/>
</testsuite> <!-- ExcelUtils -->
